<?xml version='1.0' encoding='UTF-8'?>
<testsuite hostname="MacBook-Pro-5.local" name="SpellBuilderTest" tests="1" errors="0" failures="0" skipped="0" time="0.013" timestamp="2024-03-10T10:15:12">
                     <properties>
[...]
</properties>
                     <testcase classname="SpellBuilderTest" name="testCreateSpell" time="0.013">
                                                 
                                               </testcase>
                     <system-out><![CDATA[]]></system-out>
                     <system-err><![CDATA[]]></system-err>
                   </testsuite>