[0m[[0m[0mdebug[0m] [0m[0mjavaOptions: Vector()[0m
[0m[[0m[0mdebug[0m] [0m[0mForking tests - parallelism = false[0m
[0m[[0m[0mdebug[0m] [0m[0mCreate a single-thread test executor[0m
[0m[[0m[0mdebug[0m] [0m[0mRunner for com.novocode.junit.JUnitFramework produced 1 initial tasks for 1 tests.[0m
[0m[[0m[0mdebug[0m] [0m[0m  Running TaskDef(UnitBuilderTest, sbt.ForkMain$AnnotatedFingerscan@1000bf8e, false, [SuiteSelector])[0m
[0m[[0m[0minfo[0m] [0m[0m[34mTest run started[0m[0m
[0m[[0m[0minfo[0m] [0m[0mTest [33mUnitBuilderTest[0m.[36mtestCreateWraithling[0m started[0m
[0m[[0m[0mdebug[0m] [0m[0mTest [33mUnitBuilderTest[0m.[36mtestCreateWraithling[0m finished, took 0.441 sec[0m
[0m[[0m[0minfo[0m] [0m[0mTest [33mUnitBuilderTest[0m.[36mtestSpawnWraithling[0m started[0m
[0m[[0m[31merror[0m] [0m[0mTest [33mUnitBuilderTest[0m.[31mtestSpawnWraithling[0m failed: java.lang.[31mNullPointerException[0m: null, took 0.009 sec[0m
[0m[[0m[31merror[0m] [0m[0m    at structures.UnitBuilder.spawnWraithling(UnitBuilder.java:180)[0m
[0m[[0m[31merror[0m] [0m[0m    at UnitBuilderTest.testSpawnWraithling([35mUnitBuilderTest.java[0m:[33m50[0m)[0m
[0m[[0m[31merror[0m] [0m[0m    at jdk.internal.reflect.NativeMethodAccessorImpl.invoke0(Native Method)[0m
[0m[[0m[31merror[0m] [0m[0m    at jdk.internal.reflect.NativeMethodAccessorImpl.invoke(NativeMethodAccessorImpl.java:62)[0m
[0m[[0m[31merror[0m] [0m[0m    at jdk.internal.reflect.DelegatingMethodAccessorImpl.invoke(DelegatingMethodAccessorImpl.java:43)[0m
[0m[[0m[31merror[0m] [0m[0m    at java.lang.reflect.Method.invoke(Method.java:566)[0m
[0m[[0m[31merror[0m] [0m[0m    ...[0m
[0m[[0m[0mdebug[0m] [0m[0mTest [33mUnitBuilderTest[0m.[36mtestSpawnWraithling[0m finished, took 0.011 sec[0m
[0m[[0m[0minfo[0m] [0m[0mTest [33mUnitBuilderTest[0m.[36mtestCreateUnit[0m started[0m
[0m[[0m[0mdebug[0m] [0m[0mTest [33mUnitBuilderTest[0m.[36mtestCreateUnit[0m finished, took 0.079 sec[0m
[0m[[0m[0minfo[0m] [0m[0m[34mTest run finished: [0m[31m1 failed[0m[34m, [0m[34m0 ignored[0m[34m, 3 total, 0.546s[0m[0m
[0m[[0m[0mdebug[0m] [0m[0m    Produced 0 nested tasks and 3 events.[0m
[0m[[0m[0mdebug[0m] [0m[0mSummary for JUnit not available.[0m
[0m[[0m[31merror[0m] [0m[0mFailed: Total 3, Failed 1, Errors 0, Passed 2[0m
[0m[[0m[31merror[0m] [0m[0mFailed tests:[0m
[0m[[0m[31merror[0m] [0m[0m	UnitBuilderTest[0m
[0m[[0m[31merror[0m] [0m[0m(Test / [31mtestOnly[0m) sbt.TestsFailedException: Tests unsuccessful[0m
